<?xml version="1.0" encoding="UTF-8"?>
<testsuite xmlns:xsi="http://www.w3.org/2001/XMLSchema-instance" xsi:noNamespaceSchemaLocation="https://maven.apache.org/surefire/maven-surefire-plugin/xsd/surefire-test-report.xsd" version="3.0.2" name="calc.RunCalcTest" time="0.11" tests="1" errors="0" skipped="0" failures="0">
  <properties>
[...]
</properties>
  <testcase name="Успешное сложение двух чисел" classname="Калькулятор" time="0.026">
    <system-out><![CDATA[
Сценарий: Успешное сложение двух чисел &amp#27;[90m# src/test/resources/features/calculator.feature:3&amp#27;[0m
  &amp#27;[32mДано &amp#27;[0m&amp#27;[32mя включил калькулятор&amp#27;[0m           &amp#27;[90m# calc.CalcSteps.я_включил_калькулятор()&amp#27;[0m
  &amp#27;[32mКогда &amp#27;[0m&amp#27;[32mя ввожу число &amp#27;[0m&amp#27;[32m&amp#27;[1m5&amp#27;[0m                &amp#27;[90m# calc.CalcSteps.я_ввожу_число(java.lang.Integer)&amp#27;[0m
  &amp#27;[32mИ &amp#27;[0m&amp#27;[32mя добавляю число &amp#27;[0m&amp#27;[32m&amp#27;[1m7&amp#27;[0m                 &amp#27;[90m# calc.CalcSteps.я_добавляю_число(java.lang.Integer)&amp#27;[0m
  &amp#27;[32mТогда &amp#27;[0m&amp#27;[32mрезультат должен быть &amp#27;[0m&amp#27;[32m&amp#27;[1m12&amp#27;[0m       &amp#27;[90m# calc.CalcSteps.результат_должен_быть(java.lang.Integer)&amp#27;[0m
]]></system-out>
  </testcase>
</testsuite>